<?xml version="1.0" encoding="UTF-8"?>
<!-- Generated by org.testng.reporters.JUnitReportReporter -->
<testsuite skipped="2" hostname="DESKTOP-CP18KR3" name="com.Qa.Test_Form.TestForm_Testcase" tests="7" failures="0" timestamp="27 Jan 2018 02:22:37 GMT" time="35.459" errors="0">
  <testcase name="invalidloginid" time="6.894" classname="com.Qa.Test_Form.TestForm_Testcase"/>
  <testcase name="invalidloginid" time="7.012" classname="com.Qa.Test_Form.TestForm_Testcase"/>
  <testcase name="invalidloginid" time="6.936" classname="com.Qa.Test_Form.TestForm_Testcase"/>
  <testcase name="invalidloginid" time="7.714" classname="com.Qa.Test_Form.TestForm_Testcase"/>
  <testcase name="invalidloginid" time="6.903" classname="com.Qa.Test_Form.TestForm_Testcase"/>
  <testcase name="invalidtestform" classname="com.Qa.Test_Form.TestForm_Testcase">
    <skipped/>
  </testcase> <!-- invalidtestform -->
  <testcase name="valid_testform" classname="com.Qa.Test_Form.TestForm_Testcase">
    <skipped/>
  </testcase> <!-- valid_testform -->
</testsuite> <!-- com.Qa.Test_Form.TestForm_Testcase -->
